<?xml version="1.0" encoding="UTF-8"?>
<testsuite xmlns:xsi="http://www.w3.org/2001/XMLSchema-instance" xsi:noNamespaceSchemaLocation="https://maven.apache.org/surefire/maven-surefire-plugin/xsd/surefire-test-report.xsd" name="myFirstApplication.MyFirstApplicationTest" time="1.611" tests="2" errors="0" skipped="0" failures="0">
  <properties>
    <property name="awt.toolkit" value="sun.awt.X11.XToolkit"/>
    <property name="java.specification.version" value="11"/>
    <property name="sun.cpu.isalist" value=""/>
    <property name="sun.jnu.encoding" value="UTF-8"/>
    <property name="java.class.path" value="/home/derry/NetBeansProjects/mooc-java-programming-ii/part13-Part13_01.MyFirstApplication/target/test-classes:/home/derry/NetBeansProjects/mooc-java-programming-ii/part13-Part13_01.MyFirstApplication/target/classes:/home/derry/.m2/repository/junit/junit/4.12/junit-4.12.jar:/home/derry/.m2/repository/org/hamcrest/hamcrest-core/1.3/hamcrest-core-1.3.jar:/home/derry/.m2/repository/fi/helsinki/cs/tmc/edu-test-utils/0.4.2/edu-test-utils-0.4.2.jar:/home/derry/.m2/repository/org/testfx/testfx-junit/4.0.15-alpha/testfx-junit-4.0.15-alpha.jar:/home/derry/.m2/repository/org/testfx/testfx-core/4.0.15-alpha/testfx-core-4.0.15-alpha.jar:/home/derry/.m2/repository/org/assertj/assertj-core/3.11.1/assertj-core-3.11.1.jar:/home/derry/.m2/repository/org/testfx/openjfx-monocle/jdk-11+26/openjfx-monocle-jdk-11+26.jar:/home/derry/.m2/repository/org/openjfx/javafx-base/11-ea+25/javafx-base-11-ea+25-win.jar:/home/derry/.m2/repository/org/openjfx/javafx-controls/11-ea+25/javafx-controls-11-ea+25-win.jar:/home/derry/.m2/repository/org/openjfx/javafx-graphics/11-ea+25/javafx-graphics-11-ea+25-win.jar:/home/derry/.m2/repository/org/openjfx/javafx-graphics/11-ea+25/javafx-graphics-11-ea+25-linux.jar:/home/derry/.m2/repository/org/openjfx/javafx-base/11.0.2/javafx-base-11.0.2.jar:/home/derry/.m2/repository/org/openjfx/javafx-base/11.0.2/javafx-base-11.0.2-linux.jar:/home/derry/.m2/repository/org/openjfx/javafx-controls/11.0.2/javafx-controls-11.0.2.jar:/home/derry/.m2/repository/org/openjfx/javafx-controls/11.0.2/javafx-controls-11.0.2-linux.jar:/home/derry/.m2/repository/org/openjfx/javafx-graphics/11.0.2/javafx-graphics-11.0.2.jar:"/>
    <property name="java.vm.vendor" value="Oracle Corporation"/>
    <property name="sun.arch.data.model" value="64"/>
    <property name="java.vendor.url" value="https://openjdk.java.net/"/>
    <property name="user.timezone" value=""/>
    <property name="java.vm.specification.version" value="11"/>
    <property name="os.name" value="Linux"/>
    <property name="sun.java.launcher" value="SUN_STANDARD"/>
    <property name="user.country" value="US"/>
    <property name="sun.boot.library.path" value="/usr/lib/jvm/java-11-openjdk/lib"/>
    <property name="sun.java.command" value="/home/derry/NetBeansProjects/mooc-java-programming-ii/part13-Part13_01.MyFirstApplication/target/surefire/surefirebooter10981145060194281940.jar /home/derry/NetBeansProjects/mooc-java-programming-ii/part13-Part13_01.MyFirstApplication/target/surefire 2022-01-07T18-18-40_962-jvmRun1 surefire15979235141895742730tmp surefire_015906994235526011933tmp"/>
    <property name="jdk.debug" value="release"/>
    <property name="surefire.test.class.path" value="/home/derry/NetBeansProjects/mooc-java-programming-ii/part13-Part13_01.MyFirstApplication/target/test-classes:/home/derry/NetBeansProjects/mooc-java-programming-ii/part13-Part13_01.MyFirstApplication/target/classes:/home/derry/.m2/repository/junit/junit/4.12/junit-4.12.jar:/home/derry/.m2/repository/org/hamcrest/hamcrest-core/1.3/hamcrest-core-1.3.jar:/home/derry/.m2/repository/fi/helsinki/cs/tmc/edu-test-utils/0.4.2/edu-test-utils-0.4.2.jar:/home/derry/.m2/repository/org/testfx/testfx-junit/4.0.15-alpha/testfx-junit-4.0.15-alpha.jar:/home/derry/.m2/repository/org/testfx/testfx-core/4.0.15-alpha/testfx-core-4.0.15-alpha.jar:/home/derry/.m2/repository/org/assertj/assertj-core/3.11.1/assertj-core-3.11.1.jar:/home/derry/.m2/repository/org/testfx/openjfx-monocle/jdk-11+26/openjfx-monocle-jdk-11+26.jar:/home/derry/.m2/repository/org/openjfx/javafx-base/11-ea+25/javafx-base-11-ea+25-win.jar:/home/derry/.m2/repository/org/openjfx/javafx-controls/11-ea+25/javafx-controls-11-ea+25-win.jar:/home/derry/.m2/repository/org/openjfx/javafx-graphics/11-ea+25/javafx-graphics-11-ea+25-win.jar:/home/derry/.m2/repository/org/openjfx/javafx-graphics/11-ea+25/javafx-graphics-11-ea+25-linux.jar:/home/derry/.m2/repository/org/openjfx/javafx-base/11.0.2/javafx-base-11.0.2.jar:/home/derry/.m2/repository/org/openjfx/javafx-base/11.0.2/javafx-base-11.0.2-linux.jar:/home/derry/.m2/repository/org/openjfx/javafx-controls/11.0.2/javafx-controls-11.0.2.jar:/home/derry/.m2/repository/org/openjfx/javafx-controls/11.0.2/javafx-controls-11.0.2-linux.jar:/home/derry/.m2/repository/org/openjfx/javafx-graphics/11.0.2/javafx-graphics-11.0.2.jar:"/>
    <property name="sun.cpu.endian" value="little"/>
    <property name="user.home" value="/home/derry"/>
    <property name="user.language" value="en"/>
    <property name="java.specification.vendor" value="Oracle Corporation"/>
    <property name="java.version.date" value="2021-10-19"/>
    <property name="java.home" value="/usr/lib/jvm/java-11-openjdk"/>
    <property name="file.separator" value="/"/>
    <property name="basedir" value="/home/derry/NetBeansProjects/mooc-java-programming-ii/part13-Part13_01.MyFirstApplication"/>
    <property name="java.vm.compressedOopsMode" value="Zero based"/>
    <property name="line.separator" value="&#10;"/>
    <property name="java.specification.name" value="Java Platform API Specification"/>
    <property name="java.vm.specification.vendor" value="Oracle Corporation"/>
    <property name="java.awt.graphicsenv" value="sun.awt.X11GraphicsEnvironment"/>
    <property name="surefire.real.class.path" value="/home/derry/NetBeansProjects/mooc-java-programming-ii/part13-Part13_01.MyFirstApplication/target/surefire/surefirebooter10981145060194281940.jar"/>
    <property name="jdk.net.URLClassPath.disableClassPathURLCheck" value="true"/>
    <property name="sun.management.compiler" value="HotSpot 64-Bit Tiered Compilers"/>
    <property name="java.runtime.version" value="11.0.13+8"/>
    <property name="user.name" value="derry"/>
    <property name="path.separator" value=":"/>
    <property name="os.version" value="5.4.164-1-MANJARO"/>
    <property name="java.runtime.name" value="OpenJDK Runtime Environment"/>
    <property name="file.encoding" value="UTF-8"/>
    <property name="java.vm.name" value="OpenJDK 64-Bit Server VM"/>
    <property name="localRepository" value="/home/derry/.m2/repository"/>
    <property name="java.vendor.url.bug" value="https://bugreport.java.com/bugreport/"/>
    <property name="java.io.tmpdir" value="/tmp"/>
    <property name="java.version" value="11.0.13"/>
    <property name="user.dir" value="/home/derry/NetBeansProjects/mooc-java-programming-ii/part13-Part13_01.MyFirstApplication"/>
    <property name="os.arch" value="amd64"/>
    <property name="java.vm.specification.name" value="Java Virtual Machine Specification"/>
    <property name="java.awt.printerjob" value="sun.print.PSPrinterJob"/>
    <property name="sun.os.patch.level" value="unknown"/>
    <property name="java.library.path" value="/usr/java/packages/lib:/usr/lib64:/lib64:/lib:/usr/lib"/>
    <property name="java.vm.info" value="mixed mode"/>
    <property name="java.vendor" value="Oracle Corporation"/>
    <property name="java.vm.version" value="11.0.13+8"/>
    <property name="sun.io.unicode.encoding" value="UnicodeLittle"/>
    <property name="java.class.version" value="55.0"/>
  </properties>
  <testcase name="titleIsCorrect" classname="myFirstApplication.MyFirstApplicationTest" time="1.126"/>
  <testcase name="windowOpens" classname="myFirstApplication.MyFirstApplicationTest" time="0.3"/>
</testsuite>